<?xml version="1.0" encoding="UTF-8"?>
<!-- Generated by org.testng.reporters.JUnitReportReporter -->
<testsuite skipped="0" hostname="LAPTOP-7HB0GS3K" name="tests.LoginPageTests" tests="1" failures="0" timestamp="27 Mar 2020 20:13:00 GMT" time="6.436" errors="0">
  <testcase name="doValidUserNameValidPasswordLogin" time="6.436" classname="tests.LoginPageTests"/>
</testsuite> <!-- tests.LoginPageTests -->
